2020-08-04 20:59:58,023 ERROR: Exception on /login [GET] [in C:\Users\andre\AppData\Local\Anaconda3\envs\flasktutorial\lib\site-packages\flask\app.py:1891]
Traceback (most recent call last):
  File "C:\Users\andre\AppData\Local\Anaconda3\envs\flasktutorial\lib\site-packages\flask\app.py", line 2447, in wsgi_app
    response = self.full_dispatch_request()
  File "C:\Users\andre\AppData\Local\Anaconda3\envs\flasktutorial\lib\site-packages\flask\app.py", line 1952, in full_dispatch_request
    rv = self.handle_user_exception(e)
  File "C:\Users\andre\AppData\Local\Anaconda3\envs\flasktutorial\lib\site-packages\flask\app.py", line 1821, in handle_user_exception
    reraise(exc_type, exc_value, tb)
  File "C:\Users\andre\AppData\Local\Anaconda3\envs\flasktutorial\lib\site-packages\flask\_compat.py", line 39, in reraise
    raise value
  File "C:\Users\andre\AppData\Local\Anaconda3\envs\flasktutorial\lib\site-packages\flask\app.py", line 1950, in full_dispatch_request
    rv = self.dispatch_request()
  File "C:\Users\andre\AppData\Local\Anaconda3\envs\flasktutorial\lib\site-packages\flask\app.py", line 1936, in dispatch_request
    return self.view_functions[rule.endpoint](**req.view_args)
  File "C:\Users\andre\OneDrive\Documents\GitHub\flask-tutorial\11. Facelift\app\routes.py", line 59, in login
    return render_template('login.html', title = 'Sign In', form = form)
  File "C:\Users\andre\AppData\Local\Anaconda3\envs\flasktutorial\lib\site-packages\flask\templating.py", line 137, in render_template
    return _render(
  File "C:\Users\andre\AppData\Local\Anaconda3\envs\flasktutorial\lib\site-packages\flask\templating.py", line 120, in _render
    rv = template.render(context)
  File "C:\Users\andre\AppData\Local\Anaconda3\envs\flasktutorial\lib\site-packages\jinja2\environment.py", line 1090, in render
    self.environment.handle_exception()
  File "C:\Users\andre\AppData\Local\Anaconda3\envs\flasktutorial\lib\site-packages\jinja2\environment.py", line 832, in handle_exception
    reraise(*rewrite_traceback_stack(source=source))
  File "C:\Users\andre\AppData\Local\Anaconda3\envs\flasktutorial\lib\site-packages\jinja2\_compat.py", line 28, in reraise
    raise value.with_traceback(tb)
  File "C:\Users\andre\OneDrive\Documents\GitHub\flask-tutorial\11. Facelift\app\templates\login.html", line 1, in top-level template code
    {% extends "base.html" %}
  File "C:\Users\andre\OneDrive\Documents\GitHub\flask-tutorial\11. Facelift\app\templates\base.html", line 1, in top-level template code
    {% extends 'bootstrap/base.html' %}
  File "C:\Users\andre\AppData\Local\Anaconda3\envs\flasktutorial\lib\site-packages\flask_bootstrap\templates\bootstrap\base.html", line 1, in top-level template code
    {% block doc -%}
  File "C:\Users\andre\AppData\Local\Anaconda3\envs\flasktutorial\lib\site-packages\flask_bootstrap\templates\bootstrap\base.html", line 4, in block "doc"
    {%- block html %}
  File "C:\Users\andre\AppData\Local\Anaconda3\envs\flasktutorial\lib\site-packages\flask_bootstrap\templates\bootstrap\base.html", line 20, in block "html"
    {% block body -%}
  File "C:\Users\andre\AppData\Local\Anaconda3\envs\flasktutorial\lib\site-packages\flask_bootstrap\templates\bootstrap\base.html", line 23, in block "body"
    {% block content -%}
  File "C:\Users\andre\OneDrive\Documents\GitHub\flask-tutorial\11. Facelift\app\templates\base.html", line 78, in block "content"
    {% block app_content %}{% endblock %}
  File "C:\Users\andre\OneDrive\Documents\GitHub\flask-tutorial\11. Facelift\app\templates\login.html", line 9, in block "app_content"
    {{ wtf.quick_form(form) }}
  File "C:\Users\andre\AppData\Local\Anaconda3\envs\flasktutorial\lib\site-packages\jinja2\environment.py", line 471, in getattr
    return getattr(obj, attribute)
jinja2.exceptions.UndefinedError: 'wtf' is undefined
2020-08-04 21:14:34,004 INFO: Hello World startup [in C:\Users\andre\OneDrive\Documents\GitHub\flask-tutorial\11. Facelift\app\__init__.py:65]
